# JRE version: Java(TM) SE Runtime Environment (8.0_11-b12) (build 1.8.0_11-b12)
# Java VM: Java HotSpot(TM) 64-Bit Server VM (25.11-b03 mixed mode windows-amd64 compressed oops)
Heap:
 PSYoungGen      total 220672K, used 41286K [0x00000000f0000000, 0x0000000100000000, 0x0000000100000000)
  eden space 190464K, 5% used [0x00000000f0000000,0x00000000f0ad41a0,0x00000000fba00000)
  from space 30208K, 99% used [0x00000000fe280000,0x00000000ffffd900,0x0000000100000000)
  to   space 35840K, 0% used [0x00000000fba00000,0x00000000fba00000,0x00000000fdd00000)
 ParOldGen       total 70656K, used 61850K [0x00000000d0000000, 0x00000000d4500000, 0x00000000f0000000)
  object space 70656K, 87% used [0x00000000d0000000,0x00000000d3c66b38,0x00000000d4500000)
 Metaspace       used 56879K, capacity 58586K, committed 58752K, reserved 1101824K
  class space    used 6495K, capacity 7011K, committed 7040K, reserved 1048576K
GC Heap History (10 events):
Event: 13.683 GC heap before
{Heap before GC invocations=55 (full 5):
 PSYoungGen      total 230912K, used 195643K [0x00000000f0000000, 0x00000000ffe80000, 0x0000000100000000)
  eden space 201216K, 95% used [0x00000000f0000000,0x00000000fbc2db18,0x00000000fc480000)
  from space 29696K, 9% used [0x00000000fc480000,0x00000000fc761228,0x00000000fe180000)
  to   space 28672K, 0% used [0x00000000fe280000,0x00000000fe280000,0x00000000ffe80000)
 ParOldGen       total 70656K, used 60325K [0x00000000d0000000, 0x00000000d4500000, 0x00000000f0000000)
  object space 70656K, 85% used [0x00000000d0000000,0x00000000d3ae9790,0x00000000d4500000)
 Metaspace       used 51509K, capacity 53114K, committed 53376K, reserved 1095680K
  class space    used 5801K, capacity 6270K, committed 6272K, reserved 1048576K
Event: 13.698 GC heap after
Heap after GC invocations=55 (full 5):
 PSYoungGen      total 230912K, used 4913K [0x00000000f0000000, 0x00000000ffd00000, 0x0000000100000000)
  eden space 203776K, 0% used [0x00000000f0000000,0x00000000f0000000,0x00000000fc700000)
  from space 27136K, 18% used [0x00000000fe280000,0x00000000fe74c610,0x00000000ffd00000)
  to   space 27648K, 0% used [0x00000000fc700000,0x00000000fc700000,0x00000000fe200000)
 ParOldGen       total 70656K, used 60333K [0x00000000d0000000, 0x00000000d4500000, 0x00000000f0000000)
  object space 70656K, 85% used [0x00000000d0000000,0x00000000d3aeb790,0x00000000d4500000)
 Metaspace       used 51509K, capacity 53114K, committed 53376K, reserved 1095680K
  class space    used 5801K, capacity 6270K, committed 6272K, reserved 1048576K
}
Event: 14.299 GC heap before
{Heap before GC invocations=56 (full 5):
 PSYoungGen      total 230912K, used 202928K [0x00000000f0000000, 0x00000000ffd00000, 0x0000000100000000)
  eden space 203776K, 97% used [0x00000000f0000000,0x00000000fc15fc98,0x00000000fc700000)
  from space 27136K, 18% used [0x00000000fe280000,0x00000000fe74c610,0x00000000ffd00000)
  to   space 27648K, 0% used [0x00000000fc700000,0x00000000fc700000,0x00000000fe200000)
 ParOldGen       total 70656K, used 60333K [0x00000000d0000000, 0x00000000d4500000, 0x00000000f0000000)
  object space 70656K, 85% used [0x00000000d0000000,0x00000000d3aeb790,0x00000000d4500000)
 Metaspace       used 52566K, capacity 54112K, committed 54400K, reserved 1097728K
  class space    used 5946K, capacity 6431K, committed 6528K, reserved 1048576K
Event: 14.317 GC heap after
Heap after GC invocations=56 (full 5):
 PSYoungGen      total 231424K, used 7917K [0x00000000f0000000, 0x00000000ffc80000, 0x0000000100000000)
  eden space 203776K, 0% used [0x00000000f0000000,0x00000000f0000000,0x00000000fc700000)
  from space 27648K, 28% used [0x00000000fc700000,0x00000000fcebb518,0x00000000fe200000)
  to   space 25600K, 0% used [0x00000000fe380000,0x00000000fe380000,0x00000000ffc80000)
 ParOldGen       total 70656K, used 60341K [0x00000000d0000000, 0x00000000d4500000, 0x00000000f0000000)
  object space 70656K, 85% used [0x00000000d0000000,0x00000000d3aed790,0x00000000d4500000)
 Metaspace       used 52566K, capacity 54112K, committed 54400K, reserved 1097728K
  class space    used 5946K, capacity 6431K, committed 6528K, reserved 1048576K
}
Event: 15.227 GC heap before
{Heap before GC invocations=57 (full 5):
 PSYoungGen      total 231424K, used 211693K [0x00000000f0000000, 0x00000000ffc80000, 0x0000000100000000)
  eden space 203776K, 100% used [0x00000000f0000000,0x00000000fc700000,0x00000000fc700000)
  from space 27648K, 28% used [0x00000000fc700000,0x00000000fcebb518,0x00000000fe200000)
  to   space 25600K, 0% used [0x00000000fe380000,0x00000000fe380000,0x00000000ffc80000)
 ParOldGen       total 70656K, used 60341K [0x00000000d0000000, 0x00000000d4500000, 0x00000000f0000000)
  object space 70656K, 85% used [0x00000000d0000000,0x00000000d3aed790,0x00000000d4500000)
 Metaspace       used 53488K, capacity 55132K, committed 55552K, reserved 1097728K
  class space    used 6054K, capacity 6546K, committed 6656K, reserved 1048576K
Event: 15.250 GC heap after
Heap after GC invocations=57 (full 5):
 PSYoungGen      total 232448K, used 14598K [0x00000000f0000000, 0x00000000fff00000, 0x0000000100000000)
  eden space 206848K, 0% used [0x00000000f0000000,0x00000000f0000000,0x00000000fca00000)
  from space 25600K, 57% used [0x00000000fe380000,0x00000000ff1c1bb0,0x00000000ffc80000)
  to   space 26112K, 0% used [0x00000000fca00000,0x00000000fca00000,0x00000000fe380000)
 ParOldGen       total 70656K, used 60349K [0x00000000d0000000, 0x00000000d4500000, 0x00000000f0000000)
  object space 70656K, 85% used [0x00000000d0000000,0x00000000d3aef790,0x00000000d4500000)
 Metaspace       used 53488K, capacity 55132K, committed 55552K, reserved 1097728K
  class space    used 6054K, capacity 6546K, committed 6656K, reserved 1048576K
}
Event: 16.300 GC heap before
{Heap before GC invocations=58 (full 5):
 PSYoungGen      total 232448K, used 221446K [0x00000000f0000000, 0x00000000fff00000, 0x0000000100000000)
  eden space 206848K, 100% used [0x00000000f0000000,0x00000000fca00000,0x00000000fca00000)
  from space 25600K, 57% used [0x00000000fe380000,0x00000000ff1c1bb0,0x00000000ffc80000)
  to   space 26112K, 0% used [0x00000000fca00000,0x00000000fca00000,0x00000000fe380000)
 ParOldGen       total 70656K, used 60349K [0x00000000d0000000, 0x00000000d4500000, 0x00000000f0000000)
  object space 70656K, 85% used [0x00000000d0000000,0x00000000d3aef790,0x00000000d4500000)
 Metaspace       used 54933K, capacity 56616K, committed 56960K, reserved 1099776K
  class space    used 6182K, capacity 6677K, committed 6784K, reserved 1048576K
Event: 16.324 GC heap after
Heap after GC invocations=58 (full 5):
 PSYoungGen      total 230912K, used 23734K [0x00000000f0000000, 0x0000000100000000, 0x0000000100000000)
  eden space 206848K, 0% used [0x00000000f0000000,0x00000000f0000000,0x00000000fca00000)
  from space 24064K, 98% used [0x00000000fca00000,0x00000000fe12d8b0,0x00000000fe180000)
  to   space 30208K, 0% used [0x00000000fe280000,0x00000000fe280000,0x0000000100000000)
 ParOldGen       total 70656K, used 60357K [0x00000000d0000000, 0x00000000d4500000, 0x00000000f0000000)
  object space 70656K, 85% used [0x00000000d0000000,0x00000000d3af1790,0x00000000d4500000)
 Metaspace       used 54933K, capacity 56616K, committed 56960K, reserved 1099776K
  class space    used 6182K, capacity 6677K, committed 6784K, reserved 1048576K
}
Event: 17.069 GC heap before
{Heap before GC invocations=59 (full 5):
 PSYoungGen      total 230912K, used 230582K [0x00000000f0000000, 0x0000000100000000, 0x0000000100000000)
  eden space 206848K, 100% used [0x00000000f0000000,0x00000000fca00000,0x00000000fca00000)
  from space 24064K, 98% used [0x00000000fca00000,0x00000000fe12d8b0,0x00000000fe180000)
  to   space 30208K, 0% used [0x00000000fe280000,0x00000000fe280000,0x0000000100000000)
 ParOldGen       total 70656K, used 60357K [0x00000000d0000000, 0x00000000d4500000, 0x00000000f0000000)
  object space 70656K, 85% used [0x00000000d0000000,0x00000000d3af1790,0x00000000d4500000)
 Metaspace       used 56848K, capacity 58504K, committed 58752K, reserved 1101824K
  class space    used 6491K, capacity 7007K, committed 7040K, reserved 1048576K
Event: 17.087 GC heap after
Heap after GC invocations=59 (full 5):
 PSYoungGen      total 220672K, used 30198K [0x00000000f0000000, 0x0000000100000000, 0x0000000100000000)
  eden space 190464K, 0% used [0x00000000f0000000,0x00000000f0000000,0x00000000fba00000)
  from space 30208K, 99% used [0x00000000fe280000,0x00000000ffffd900,0x0000000100000000)
  to   space 35840K, 0% used [0x00000000fba00000,0x00000000fba00000,0x00000000fdd00000)
 ParOldGen       total 70656K, used 61850K [0x00000000d0000000, 0x00000000d4500000, 0x00000000f0000000)
  object space 70656K, 87% used [0x00000000d0000000,0x00000000d3c66b38,0x00000000d4500000)
 Metaspace       used 56848K, capacity 58504K, committed 58752K, reserved 1101824K
  class space    used 6491K, capacity 7007K, committed 7040K, reserved 1048576K
}

