# JRE version: Java(TM) SE Runtime Environment (8.0_11-b12) (build 1.8.0_11-b12)
# Java VM: Java HotSpot(TM) 64-Bit Server VM (25.11-b03 mixed mode windows-amd64 compressed oops)
Heap:
 PSYoungGen      total 221184K, used 147643K [0x00000000f0000000, 0x0000000100000000, 0x0000000100000000)
  eden space 190464K, 61% used [0x00000000f0000000,0x00000000f7297d80,0x00000000fba00000)
  from space 30720K, 98% used [0x00000000fe200000,0x00000000fff96ea8,0x0000000100000000)
  to   space 35840K, 0% used [0x00000000fba00000,0x00000000fba00000,0x00000000fdd00000)
 ParOldGen       total 71168K, used 60659K [0x00000000d0000000, 0x00000000d4580000, 0x00000000f0000000)
  object space 71168K, 85% used [0x00000000d0000000,0x00000000d3b3ccf0,0x00000000d4580000)
 Metaspace       used 57257K, capacity 58980K, committed 59392K, reserved 1101824K
  class space    used 6554K, capacity 7056K, committed 7168K, reserved 1048576K
GC Heap History (10 events):
Event: 13.507 GC heap before
{Heap before GC invocations=55 (full 5):
 PSYoungGen      total 229376K, used 192058K [0x00000000f0000000, 0x00000000ffe80000, 0x0000000100000000)
  eden space 198144K, 95% used [0x00000000f0000000,0x00000000fb8b7d00,0x00000000fc180000)
  from space 31232K, 9% used [0x00000000fc180000,0x00000000fc456b58,0x00000000fe000000)
  to   space 30208K, 0% used [0x00000000fe100000,0x00000000fe100000,0x00000000ffe80000)
 ParOldGen       total 71168K, used 60619K [0x00000000d0000000, 0x00000000d4580000, 0x00000000f0000000)
  object space 71168K, 85% used [0x00000000d0000000,0x00000000d3b32cf0,0x00000000d4580000)
 Metaspace       used 51197K, capacity 52770K, committed 53120K, reserved 1095680K
  class space    used 5761K, capacity 6238K, committed 6272K, reserved 1048576K
Event: 13.513 GC heap after
Heap after GC invocations=55 (full 5):
 PSYoungGen      total 228352K, used 4874K [0x00000000f0000000, 0x00000000ffc00000, 0x0000000100000000)
  eden space 200704K, 0% used [0x00000000f0000000,0x00000000f0000000,0x00000000fc400000)
  from space 27648K, 17% used [0x00000000fe100000,0x00000000fe5c2ae0,0x00000000ffc00000)
  to   space 28672K, 0% used [0x00000000fc400000,0x00000000fc400000,0x00000000fe000000)
 ParOldGen       total 71168K, used 60627K [0x00000000d0000000, 0x00000000d4580000, 0x00000000f0000000)
  object space 71168K, 85% used [0x00000000d0000000,0x00000000d3b34cf0,0x00000000d4580000)
 Metaspace       used 51197K, capacity 52770K, committed 53120K, reserved 1095680K
  class space    used 5761K, capacity 6238K, committed 6272K, reserved 1048576K
}
Event: 14.286 GC heap before
{Heap before GC invocations=56 (full 5):
 PSYoungGen      total 228352K, used 205578K [0x00000000f0000000, 0x00000000ffc00000, 0x0000000100000000)
  eden space 200704K, 100% used [0x00000000f0000000,0x00000000fc400000,0x00000000fc400000)
  from space 27648K, 17% used [0x00000000fe100000,0x00000000fe5c2ae0,0x00000000ffc00000)
  to   space 28672K, 0% used [0x00000000fc400000,0x00000000fc400000,0x00000000fe000000)
 ParOldGen       total 71168K, used 60627K [0x00000000d0000000, 0x00000000d4580000, 0x00000000f0000000)
  object space 71168K, 85% used [0x00000000d0000000,0x00000000d3b34cf0,0x00000000d4580000)
 Metaspace       used 52375K, capacity 53922K, committed 54272K, reserved 1097728K
  class space    used 5914K, capacity 6366K, committed 6400K, reserved 1048576K
Event: 14.295 GC heap after
Heap after GC invocations=56 (full 5):
 PSYoungGen      total 229376K, used 7973K [0x00000000f0000000, 0x00000000ffe00000, 0x0000000100000000)
  eden space 200704K, 0% used [0x00000000f0000000,0x00000000f0000000,0x00000000fc400000)
  from space 28672K, 27% used [0x00000000fc400000,0x00000000fcbc97d8,0x00000000fe000000)
  to   space 27136K, 0% used [0x00000000fe380000,0x00000000fe380000,0x00000000ffe00000)
 ParOldGen       total 71168K, used 60635K [0x00000000d0000000, 0x00000000d4580000, 0x00000000f0000000)
  object space 71168K, 85% used [0x00000000d0000000,0x00000000d3b36cf0,0x00000000d4580000)
 Metaspace       used 52375K, capacity 53922K, committed 54272K, reserved 1097728K
  class space    used 5914K, capacity 6366K, committed 6400K, reserved 1048576K
}
Event: 15.364 GC heap before
{Heap before GC invocations=57 (full 5):
 PSYoungGen      total 229376K, used 206641K [0x00000000f0000000, 0x00000000ffe00000, 0x0000000100000000)
  eden space 200704K, 98% used [0x00000000f0000000,0x00000000fc202fb0,0x00000000fc400000)
  from space 28672K, 27% used [0x00000000fc400000,0x00000000fcbc97d8,0x00000000fe000000)
  to   space 27136K, 0% used [0x00000000fe380000,0x00000000fe380000,0x00000000ffe00000)
 ParOldGen       total 71168K, used 60635K [0x00000000d0000000, 0x00000000d4580000, 0x00000000f0000000)
  object space 71168K, 85% used [0x00000000d0000000,0x00000000d3b36cf0,0x00000000d4580000)
 Metaspace       used 53326K, capacity 54978K, committed 55168K, reserved 1097728K
  class space    used 6030K, capacity 6512K, committed 6528K, reserved 1048576K
Event: 15.378 GC heap after
Heap after GC invocations=57 (full 5):
 PSYoungGen      total 232960K, used 14096K [0x00000000f0000000, 0x00000000ffe80000, 0x0000000100000000)
  eden space 205824K, 0% used [0x00000000f0000000,0x00000000f0000000,0x00000000fc900000)
  from space 27136K, 51% used [0x00000000fe380000,0x00000000ff144048,0x00000000ffe00000)
  to   space 27136K, 0% used [0x00000000fc900000,0x00000000fc900000,0x00000000fe380000)
 ParOldGen       total 71168K, used 60643K [0x00000000d0000000, 0x00000000d4580000, 0x00000000f0000000)
  object space 71168K, 85% used [0x00000000d0000000,0x00000000d3b38cf0,0x00000000d4580000)
 Metaspace       used 53326K, capacity 54978K, committed 55168K, reserved 1097728K
  class space    used 6030K, capacity 6512K, committed 6528K, reserved 1048576K
}
Event: 16.534 GC heap before
{Heap before GC invocations=58 (full 5):
 PSYoungGen      total 232960K, used 213449K [0x00000000f0000000, 0x00000000ffe80000, 0x0000000100000000)
  eden space 205824K, 96% used [0x00000000f0000000,0x00000000fc2ae4d8,0x00000000fc900000)
  from space 27136K, 51% used [0x00000000fe380000,0x00000000ff144048,0x00000000ffe00000)
  to   space 27136K, 0% used [0x00000000fc900000,0x00000000fc900000,0x00000000fe380000)
 ParOldGen       total 71168K, used 60643K [0x00000000d0000000, 0x00000000d4580000, 0x00000000f0000000)
  object space 71168K, 85% used [0x00000000d0000000,0x00000000d3b38cf0,0x00000000d4580000)
 Metaspace       used 54852K, capacity 56432K, committed 56704K, reserved 1099776K
  class space    used 6170K, capacity 6677K, committed 6784K, reserved 1048576K
Event: 16.549 GC heap after
Heap after GC invocations=58 (full 5):
 PSYoungGen      total 229376K, used 23400K [0x00000000f0000000, 0x0000000100000000, 0x0000000100000000)
  eden space 205824K, 0% used [0x00000000f0000000,0x00000000f0000000,0x00000000fc900000)
  from space 23552K, 99% used [0x00000000fc900000,0x00000000fdfda308,0x00000000fe000000)
  to   space 30720K, 0% used [0x00000000fe200000,0x00000000fe200000,0x0000000100000000)
 ParOldGen       total 71168K, used 60651K [0x00000000d0000000, 0x00000000d4580000, 0x00000000f0000000)
  object space 71168K, 85% used [0x00000000d0000000,0x00000000d3b3acf0,0x00000000d4580000)
 Metaspace       used 54852K, capacity 56432K, committed 56704K, reserved 1099776K
  class space    used 6170K, capacity 6677K, committed 6784K, reserved 1048576K
}
Event: 17.109 GC heap before
{Heap before GC invocations=59 (full 5):
 PSYoungGen      total 229376K, used 220878K [0x00000000f0000000, 0x0000000100000000, 0x0000000100000000)
  eden space 205824K, 95% used [0x00000000f0000000,0x00000000fc0d98b0,0x00000000fc900000)
  from space 23552K, 99% used [0x00000000fc900000,0x00000000fdfda308,0x00000000fe000000)
  to   space 30720K, 0% used [0x00000000fe200000,0x00000000fe200000,0x0000000100000000)
 ParOldGen       total 71168K, used 60651K [0x00000000d0000000, 0x00000000d4580000, 0x00000000f0000000)
  object space 71168K, 85% used [0x00000000d0000000,0x00000000d3b3acf0,0x00000000d4580000)
 Metaspace       used 56535K, capacity 58090K, committed 58368K, reserved 1101824K
  class space    used 6424K, capacity 6908K, committed 6912K, reserved 1048576K
Event: 17.124 GC heap after
Heap after GC invocations=59 (full 5):
 PSYoungGen      total 221184K, used 30299K [0x00000000f0000000, 0x0000000100000000, 0x0000000100000000)
  eden space 190464K, 0% used [0x00000000f0000000,0x00000000f0000000,0x00000000fba00000)
  from space 30720K, 98% used [0x00000000fe200000,0x00000000fff96ea8,0x0000000100000000)
  to   space 35840K, 0% used [0x00000000fba00000,0x00000000fba00000,0x00000000fdd00000)
 ParOldGen       total 71168K, used 60659K [0x00000000d0000000, 0x00000000d4580000, 0x00000000f0000000)
  object space 71168K, 85% used [0x00000000d0000000,0x00000000d3b3ccf0,0x00000000d4580000)
 Metaspace       used 56535K, capacity 58090K, committed 58368K, reserved 1101824K
  class space    used 6424K, capacity 6908K, committed 6912K, reserved 1048576K
}

